# JRE version: Java(TM) SE Runtime Environment (8.0_271-b09) (build 1.8.0_271-b09)
# Java VM: Java HotSpot(TM) 64-Bit Server VM (25.271-b09 mixed mode windows-amd64 compressed oops)
Heap:
 PSYoungGen      total 346624K, used 96746K [0x00000000d5580000, 0x00000000f0f80000, 0x0000000100000000)
  eden space 309760K, 31% used [0x00000000d5580000,0x00000000db3fa910,0x00000000e8400000)
  from space 36864K, 0% used [0x00000000e8400000,0x00000000e8400000,0x00000000ea800000)
  to   space 48128K, 0% used [0x00000000ee080000,0x00000000ee080000,0x00000000f0f80000)
 ParOldGen       total 248320K, used 76982K [0x0000000080000000, 0x000000008f280000, 0x00000000d5580000)
  object space 248320K, 31% used [0x0000000080000000,0x0000000084b2db70,0x000000008f280000)
 Metaspace       used 101086K, capacity 107460K, committed 107776K, reserved 1142784K
  class space    used 14097K, capacity 15238K, committed 15360K, reserved 1048576K
GC Heap History (10 events):
Event: 30.279 GC heap before
{Heap before GC invocations=15 (full 3):
 PSYoungGen      total 239616K, used 220160K [0x00000000d5580000, 0x00000000e8a80000, 0x0000000100000000)
  eden space 220160K, 100% used [0x00000000d5580000,0x00000000e2c80000,0x00000000e2c80000)
  from space 19456K, 0% used [0x00000000e2c80000,0x00000000e2c80000,0x00000000e3f80000)
  to   space 21504K, 0% used [0x00000000e7580000,0x00000000e7580000,0x00000000e8a80000)
 ParOldGen       total 150528K, used 33293K [0x0000000080000000, 0x0000000089300000, 0x00000000d5580000)
  object space 150528K, 22% used [0x0000000080000000,0x0000000082083640,0x0000000089300000)
 Metaspace       used 69166K, capacity 72440K, committed 72576K, reserved 1112064K
  class space    used 9692K, capacity 10279K, committed 10368K, reserved 1048576K
Event: 30.305 GC heap after
Heap after GC invocations=15 (full 3):
 PSYoungGen      total 287232K, used 20336K [0x00000000d5580000, 0x00000000e8980000, 0x0000000100000000)
  eden space 266752K, 0% used [0x00000000d5580000,0x00000000d5580000,0x00000000e5a00000)
  from space 20480K, 99% used [0x00000000e7580000,0x00000000e895c120,0x00000000e8980000)
  to   space 24064K, 0% used [0x00000000e5a80000,0x00000000e5a80000,0x00000000e7200000)
 ParOldGen       total 150528K, used 33365K [0x0000000080000000, 0x0000000089300000, 0x00000000d5580000)
  object space 150528K, 22% used [0x0000000080000000,0x0000000082095650,0x0000000089300000)
 Metaspace       used 69166K, capacity 72440K, committed 72576K, reserved 1112064K
  class space    used 9692K, capacity 10279K, committed 10368K, reserved 1048576K
}
Event: 38.418 GC heap before
{Heap before GC invocations=16 (full 3):
 PSYoungGen      total 287232K, used 287088K [0x00000000d5580000, 0x00000000e8980000, 0x0000000100000000)
  eden space 266752K, 100% used [0x00000000d5580000,0x00000000e5a00000,0x00000000e5a00000)
  from space 20480K, 99% used [0x00000000e7580000,0x00000000e895c120,0x00000000e8980000)
  to   space 24064K, 0% used [0x00000000e5a80000,0x00000000e5a80000,0x00000000e7200000)
 ParOldGen       total 150528K, used 33365K [0x0000000080000000, 0x0000000089300000, 0x00000000d5580000)
  object space 150528K, 22% used [0x0000000080000000,0x0000000082095650,0x0000000089300000)
 Metaspace       used 75821K, capacity 79270K, committed 79616K, reserved 1118208K
  class space    used 10506K, capacity 11148K, committed 11264K, reserved 1048576K
Event: 38.466 GC heap after
Heap after GC invocations=16 (full 3):
 PSYoungGen      total 291328K, used 24057K [0x00000000d5580000, 0x00000000ec680000, 0x0000000100000000)
  eden space 267264K, 0% used [0x00000000d5580000,0x00000000d5580000,0x00000000e5a80000)
  from space 24064K, 99% used [0x00000000e5a80000,0x00000000e71fe540,0x00000000e7200000)
  to   space 30208K, 0% used [0x00000000ea900000,0x00000000ea900000,0x00000000ec680000)
 ParOldGen       total 150528K, used 40671K [0x0000000080000000, 0x0000000089300000, 0x00000000d5580000)
  object space 150528K, 27% used [0x0000000080000000,0x00000000827b7ea8,0x0000000089300000)
 Metaspace       used 75821K, capacity 79270K, committed 79616K, reserved 1118208K
  class space    used 10506K, capacity 11148K, committed 11264K, reserved 1048576K
}
Event: 83.196 GC heap before
{Heap before GC invocations=17 (full 3):
 PSYoungGen      total 291328K, used 291321K [0x00000000d5580000, 0x00000000ec680000, 0x0000000100000000)
  eden space 267264K, 100% used [0x00000000d5580000,0x00000000e5a80000,0x00000000e5a80000)
  from space 24064K, 99% used [0x00000000e5a80000,0x00000000e71fe540,0x00000000e7200000)
  to   space 30208K, 0% used [0x00000000ea900000,0x00000000ea900000,0x00000000ec680000)
 ParOldGen       total 150528K, used 40671K [0x0000000080000000, 0x0000000089300000, 0x00000000d5580000)
  object space 150528K, 27% used [0x0000000080000000,0x00000000827b7ea8,0x0000000089300000)
 Metaspace       used 83702K, capacity 87584K, committed 87936K, reserved 1124352K
  class space    used 11372K, capacity 12052K, committed 12160K, reserved 1048576K
Event: 83.266 GC heap after
Heap after GC invocations=17 (full 3):
 PSYoungGen      total 339968K, used 30201K [0x00000000d5580000, 0x00000000ecc00000, 0x0000000100000000)
  eden space 309760K, 0% used [0x00000000d5580000,0x00000000d5580000,0x00000000e8400000)
  from space 30208K, 99% used [0x00000000ea900000,0x00000000ec67e4d8,0x00000000ec680000)
  to   space 36864K, 0% used [0x00000000e8400000,0x00000000e8400000,0x00000000ea800000)
 ParOldGen       total 150528K, used 46143K [0x0000000080000000, 0x0000000089300000, 0x00000000d5580000)
  object space 150528K, 30% used [0x0000000080000000,0x0000000082d0fde8,0x0000000089300000)
 Metaspace       used 83702K, capacity 87584K, committed 87936K, reserved 1124352K
  class space    used 11372K, capacity 12052K, committed 12160K, reserved 1048576K
}
Event: 94.346 GC heap before
{Heap before GC invocations=18 (full 3):
 PSYoungGen      total 339968K, used 212856K [0x00000000d5580000, 0x00000000ecc00000, 0x0000000100000000)
  eden space 309760K, 58% used [0x00000000d5580000,0x00000000e07dfe18,0x00000000e8400000)
  from space 30208K, 99% used [0x00000000ea900000,0x00000000ec67e4d8,0x00000000ec680000)
  to   space 36864K, 0% used [0x00000000e8400000,0x00000000e8400000,0x00000000ea800000)
 ParOldGen       total 150528K, used 46143K [0x0000000080000000, 0x0000000089300000, 0x00000000d5580000)
  object space 150528K, 30% used [0x0000000080000000,0x0000000082d0fde8,0x0000000089300000)
 Metaspace       used 93806K, capacity 98484K, committed 98560K, reserved 1134592K
  class space    used 12802K, capacity 13628K, committed 13696K, reserved 1048576K
Event: 94.430 GC heap after
Heap after GC invocations=18 (full 3):
 PSYoungGen      total 346624K, used 36847K [0x00000000d5580000, 0x00000000f0f80000, 0x0000000100000000)
  eden space 309760K, 0% used [0x00000000d5580000,0x00000000d5580000,0x00000000e8400000)
  from space 36864K, 99% used [0x00000000e8400000,0x00000000ea7fbe28,0x00000000ea800000)
  to   space 48128K, 0% used [0x00000000ee080000,0x00000000ee080000,0x00000000f0f80000)
 ParOldGen       total 150528K, used 61284K [0x0000000080000000, 0x0000000089300000, 0x00000000d5580000)
  object space 150528K, 40% used [0x0000000080000000,0x0000000083bd93a8,0x0000000089300000)
 Metaspace       used 93806K, capacity 98484K, committed 98560K, reserved 1134592K
  class space    used 12802K, capacity 13628K, committed 13696K, reserved 1048576K
}
Event: 94.430 GC heap before
{Heap before GC invocations=19 (full 4):
 PSYoungGen      total 346624K, used 36847K [0x00000000d5580000, 0x00000000f0f80000, 0x0000000100000000)
  eden space 309760K, 0% used [0x00000000d5580000,0x00000000d5580000,0x00000000e8400000)
  from space 36864K, 99% used [0x00000000e8400000,0x00000000ea7fbe28,0x00000000ea800000)
  to   space 48128K, 0% used [0x00000000ee080000,0x00000000ee080000,0x00000000f0f80000)
 ParOldGen       total 150528K, used 61284K [0x0000000080000000, 0x0000000089300000, 0x00000000d5580000)
  object space 150528K, 40% used [0x0000000080000000,0x0000000083bd93a8,0x0000000089300000)
 Metaspace       used 93806K, capacity 98484K, committed 98560K, reserved 1134592K
  class space    used 12802K, capacity 13628K, committed 13696K, reserved 1048576K
Event: 94.737 GC heap after
Heap after GC invocations=19 (full 4):
 PSYoungGen      total 346624K, used 0K [0x00000000d5580000, 0x00000000f0f80000, 0x0000000100000000)
  eden space 309760K, 0% used [0x00000000d5580000,0x00000000d5580000,0x00000000e8400000)
  from space 36864K, 0% used [0x00000000e8400000,0x00000000e8400000,0x00000000ea800000)
  to   space 48128K, 0% used [0x00000000ee080000,0x00000000ee080000,0x00000000f0f80000)
 ParOldGen       total 248320K, used 76982K [0x0000000080000000, 0x000000008f280000, 0x00000000d5580000)
  object space 248320K, 31% used [0x0000000080000000,0x0000000084b2db70,0x000000008f280000)
 Metaspace       used 93372K, capacity 97292K, committed 98560K, reserved 1134592K
  class space    used 12653K, capacity 13374K, committed 13696K, reserved 1048576K
}

